Using pre-set license
Built from '2021.3/staging' branch; Version is '2021.3.10f1 (1c7d0df0160b) revision 1867021'; Using compiler version '192829333'; Build Type 'Release'
OS: 'Windows 10  (10.0.19045) 64bit Education' Language: 'pl' Physical Memory: 16228 MB
BatchMode: 1, IsHumanControllingUs: 0, StartBugReporterOnCrash: 0, Is64bit: 1, IsPro: 1

COMMAND LINE ARGUMENTS:
C:\Program Files\Unity\Hub\Editor\2021.3.10f1\Editor\Unity.exe
-adb2
-batchMode
-noUpm
-name
AssetImportWorker0
-projectPath
C:/Repos/Monsters-vs-Monsters - 2021
-logFile
Logs/AssetImportWorker0.log
-srvPort
50410
Successfully changed project path to: C:/Repos/Monsters-vs-Monsters - 2021
C:/Repos/Monsters-vs-Monsters - 2021
[UnityMemory] Configuration Parameters - Can be set up in boot.config
    "memorysetup-bucket-allocator-granularity=16"
    "memorysetup-bucket-allocator-bucket-count=8"
    "memorysetup-bucket-allocator-block-size=33554432"
    "memorysetup-bucket-allocator-block-count=8"
    "memorysetup-main-allocator-block-size=16777216"
    "memorysetup-thread-allocator-block-size=16777216"
    "memorysetup-gfx-main-allocator-block-size=16777216"
    "memorysetup-gfx-thread-allocator-block-size=16777216"
    "memorysetup-cache-allocator-block-size=4194304"
    "memorysetup-typetree-allocator-block-size=2097152"
    "memorysetup-profiler-bucket-allocator-granularity=16"
    "memorysetup-profiler-bucket-allocator-bucket-count=8"
    "memorysetup-profiler-bucket-allocator-block-size=33554432"
    "memorysetup-profiler-bucket-allocator-block-count=8"
    "memorysetup-profiler-allocator-block-size=16777216"
    "memorysetup-profiler-editor-allocator-block-size=1048576"
    "memorysetup-temp-allocator-size-main=16777216"
    "memorysetup-job-temp-allocator-block-size=2097152"
    "memorysetup-job-temp-allocator-block-size-background=1048576"
    "memorysetup-job-temp-allocator-reduction-small-platforms=262144"
    "memorysetup-temp-allocator-size-background-worker=32768"
    "memorysetup-temp-allocator-size-job-worker=262144"
    "memorysetup-temp-allocator-size-preload-manager=33554432"
    "memorysetup-temp-allocator-size-nav-mesh-worker=65536"
    "memorysetup-temp-allocator-size-audio-worker=65536"
    "memorysetup-temp-allocator-size-cloud-worker=32768"
    "memorysetup-temp-allocator-size-gi-baking-worker=262144"
    "memorysetup-temp-allocator-size-gfx=262144"
Refreshing native plugins compatible for Editor in 130.09 ms, found 4 plugins.
Preloading 0 native plugins for Editor in 0.00 ms.
Initialize engine version: 2021.3.10f1 (1c7d0df0160b)
[Subsystems] Discovering subsystems at path C:/Program Files/Unity/Hub/Editor/2021.3.10f1/Editor/Data/Resources/UnitySubsystems
[Subsystems] Discovering subsystems at path C:/Repos/Monsters-vs-Monsters - 2021/Assets
GfxDevice: creating device client; threaded=0; jobified=0
Direct3D:
    Version:  Direct3D 11.0 [level 11.1]
    Renderer: NVIDIA GeForce GTX 1060 (ID=0x1c20)
    Vendor:   NVIDIA
    VRAM:     6052 MB
    Driver:   30.0.15.1165
Initialize mono
Mono path[0] = 'C:/Program Files/Unity/Hub/Editor/2021.3.10f1/Editor/Data/Managed'
Mono path[1] = 'C:/Program Files/Unity/Hub/Editor/2021.3.10f1/Editor/Data/MonoBleedingEdge/lib/mono/unityjit-win32'
Mono config path = 'C:/Program Files/Unity/Hub/Editor/2021.3.10f1/Editor/Data/MonoBleedingEdge/etc'
Using monoOptions --debugger-agent=transport=dt_socket,embedding=1,server=y,suspend=n,address=127.0.0.1:56596
Begin MonoManager ReloadAssembly
Registering precompiled unity dll's ...
Register platform support module: C:/Program Files/Unity/Hub/Editor/2021.3.10f1/Editor/Data/PlaybackEngines/WebGLSupport/UnityEditor.WebGL.Extensions.dll
Register platform support module: C:/Program Files/Unity/Hub/Editor/2021.3.10f1/Editor/Data/PlaybackEngines/AndroidPlayer/UnityEditor.Android.Extensions.dll
Register platform support module: C:/Program Files/Unity/Hub/Editor/2021.3.10f1/Editor/Data/PlaybackEngines/WindowsStandaloneSupport/UnityEditor.WindowsStandalone.Extensions.dll
Registered in 0.013094 seconds.
Native extension for WindowsStandalone target not found
Native extension for Android target not found
Native extension for WebGL target not found
Refreshing native plugins compatible for Editor in 112.34 ms, found 4 plugins.
Preloading 0 native plugins for Editor in 0.00 ms.
Mono: successfully reloaded assembly
- Completed reload, in  0.959 seconds
Domain Reload Profiling:
	ReloadAssembly (959ms)
		BeginReloadAssembly (117ms)
			ExecutionOrderSort (0ms)
			DisableScriptedObjects (0ms)
			BackupInstance (0ms)
			ReleaseScriptingObjects (0ms)
			CreateAndSetChildDomain (1ms)
		EndReloadAssembly (679ms)
			LoadAssemblies (114ms)
			RebuildTransferFunctionScriptingTraits (0ms)
			SetupTypeCache (163ms)
			ReleaseScriptCaches (0ms)
			RebuildScriptCaches (44ms)
			SetupLoadedEditorAssemblies (394ms)
				LogAssemblyErrors (0ms)
				InitializePlatformSupportModulesInManaged (80ms)
				SetLoadedEditorAssemblies (0ms)
				RefreshPlugins (112ms)
				BeforeProcessingInitializeOnLoad (2ms)
				ProcessInitializeOnLoadAttributes (133ms)
				ProcessInitializeOnLoadMethodAttributes (66ms)
				AfterProcessingInitializeOnLoad (0ms)
				EditorAssembliesLoaded (0ms)
			ExecutionOrderSort2 (0ms)
			AwakeInstancesAfterBackupRestoration (0ms)
Platform modules already initialized, skipping
Registering precompiled user dll's ...
Registered in 0.009669 seconds.
Begin MonoManager ReloadAssembly
Native extension for WindowsStandalone target not found
Native extension for Android target not found
Native extension for WebGL target not found
Refreshing native plugins compatible for Editor in 1.23 ms, found 4 plugins.
Preloading 0 native plugins for Editor in 0.00 ms.
Package Manager log level set to [2]
Mono: successfully reloaded assembly
- Completed reload, in  1.603 seconds
Domain Reload Profiling:
	ReloadAssembly (1604ms)
		BeginReloadAssembly (248ms)
			ExecutionOrderSort (0ms)
			DisableScriptedObjects (8ms)
			BackupInstance (0ms)
			ReleaseScriptingObjects (0ms)
			CreateAndSetChildDomain (128ms)
		EndReloadAssembly (1191ms)
			LoadAssemblies (107ms)
			RebuildTransferFunctionScriptingTraits (0ms)
			SetupTypeCache (300ms)
			ReleaseScriptCaches (1ms)
			RebuildScriptCaches (77ms)
			SetupLoadedEditorAssemblies (643ms)
				LogAssemblyErrors (0ms)
				InitializePlatformSupportModulesInManaged (23ms)
				SetLoadedEditorAssemblies (1ms)
				RefreshPlugins (1ms)
				BeforeProcessingInitializeOnLoad (110ms)
				ProcessInitializeOnLoadAttributes (308ms)
				ProcessInitializeOnLoadMethodAttributes (188ms)
				AfterProcessingInitializeOnLoad (11ms)
				EditorAssembliesLoaded (0ms)
			ExecutionOrderSort2 (0ms)
			AwakeInstancesAfterBackupRestoration (13ms)
Platform modules already initialized, skipping
========================================================================
Worker process is ready to serve import requests
Launched and connected shader compiler UnityShaderCompiler.exe after 0.07 seconds
Refreshing native plugins compatible for Editor in 1.26 ms, found 4 plugins.
Preloading 0 native plugins for Editor in 0.00 ms.
Unloading 2501 Unused Serialized files (Serialized files now loaded: 0)
Unloading 67 unused Assets / (57.4 KB). Loaded Objects now: 2934.
Memory consumption went from 97.8 MB to 97.8 MB.
Total: 7.246600 ms (FindLiveObjects: 0.229800 ms CreateObjectMapping: 0.243700 ms MarkObjects: 6.665400 ms  DeleteObjects: 0.106600 ms)

AssetImportParameters requested are different than current active one (requested -> active):
  custom:video-decoder-ogg-theora: a1e56fd34408186e4bbccfd4996cb3dc -> 
  custom:container-muxer-webm: aa71ff27fc2769a1b78a27578f13a17b -> 
  custom:container-demuxer-webm: 4f35f7cbe854078d1ac9338744f61a02 -> 
  custom:video-encoder-webm-vp8: eb34c28f22e8b96e1ab97ce403110664 -> 
  custom:audio-encoder-webm-vorbis: bf7c407c2cedff20999df2af8eb42d56 -> 
  custom:framework-win-MediaFoundation: 216162199b28c13a410421893ffa2e32 -> 
  custom:container-demuxer-ogg: 62fdf1f143b41e24485cea50d1cbac27 -> 
  custom:video-decoder-webm-vp8: 9c59270c3fd7afecdb556c50c9e8de78 -> 
  custom:audio-decoder-ogg-vorbis: bf7c407c2cedff20999df2af8eb42d56 -> 
========================================================================
Received Import Request.
  Time since last request: 5524.049992 seconds.
  path: Assets/MUSIC/Experiment/EXPERIMENT CONTROLLER.prefab
  artifactKey: Guid(a26c5ae6c066c5c4ba55a293d96d1772) Importer(815301076,1909f56bfc062723c751e8b465ee728b)
Start importing Assets/MUSIC/Experiment/EXPERIMENT CONTROLLER.prefab using Guid(a26c5ae6c066c5c4ba55a293d96d1772) Importer(815301076,1909f56bfc062723c751e8b465ee728b)  -> (artifact id: '0b268f02b00e6db5627b8d58bb7e83ab') in 0.073948 seconds 
========================================================================
Received Import Request.
  Time since last request: 150.319315 seconds.
  path: Assets/MUSIC/Experiment/calm_happy_rpgTownBackground.mp3
  artifactKey: Guid(47a2d3152496e764387cce39ed0c4c14) Importer(815301076,1909f56bfc062723c751e8b465ee728b)
Start importing Assets/MUSIC/Experiment/calm_happy_rpgTownBackground.mp3 using Guid(47a2d3152496e764387cce39ed0c4c14) Importer(815301076,1909f56bfc062723c751e8b465ee728b)  -> (artifact id: 'bbdbb2df93421fd3369e728ed79bbe6b') in 0.139926 seconds 
========================================================================
Received Prepare
Registering precompiled user dll's ...
Registered in 0.009889 seconds.
Begin MonoManager ReloadAssembly
Native extension for WindowsStandalone target not found
Native extension for Android target not found
Native extension for WebGL target not found
Refreshing native plugins compatible for Editor in 1.34 ms, found 4 plugins.
Preloading 0 native plugins for Editor in 0.00 ms.
Mono: successfully reloaded assembly
- Completed reload, in  1.462 seconds
Domain Reload Profiling:
	ReloadAssembly (1463ms)
		BeginReloadAssembly (154ms)
			ExecutionOrderSort (0ms)
			DisableScriptedObjects (7ms)
			BackupInstance (0ms)
			ReleaseScriptingObjects (0ms)
			CreateAndSetChildDomain (44ms)
		EndReloadAssembly (1174ms)
			LoadAssemblies (96ms)
			RebuildTransferFunctionScriptingTraits (0ms)
			SetupTypeCache (264ms)
			ReleaseScriptCaches (2ms)
			RebuildScriptCaches (74ms)
			SetupLoadedEditorAssemblies (660ms)
				LogAssemblyErrors (0ms)
				InitializePlatformSupportModulesInManaged (37ms)
				SetLoadedEditorAssemblies (1ms)
				RefreshPlugins (1ms)
				BeforeProcessingInitializeOnLoad (120ms)
				ProcessInitializeOnLoadAttributes (291ms)
				ProcessInitializeOnLoadMethodAttributes (197ms)
				AfterProcessingInitializeOnLoad (13ms)
				EditorAssembliesLoaded (0ms)
			ExecutionOrderSort2 (0ms)
			AwakeInstancesAfterBackupRestoration (15ms)
Platform modules already initialized, skipping
Refreshing native plugins compatible for Editor in 8.51 ms, found 4 plugins.
Preloading 0 native plugins for Editor in 0.00 ms.
Unloading 2494 Unused Serialized files (Serialized files now loaded: 0)
Unloading 56 unused Assets / (25.6 KB). Loaded Objects now: 2947.
Memory consumption went from 101.5 MB to 101.5 MB.
Total: 7.176400 ms (FindLiveObjects: 0.211400 ms CreateObjectMapping: 0.115700 ms MarkObjects: 6.812900 ms  DeleteObjects: 0.035400 ms)

AssetImportParameters requested are different than current active one (requested -> active):
  custom:video-decoder-ogg-theora: a1e56fd34408186e4bbccfd4996cb3dc -> 
  custom:container-muxer-webm: aa71ff27fc2769a1b78a27578f13a17b -> 
  custom:container-demuxer-webm: 4f35f7cbe854078d1ac9338744f61a02 -> 
  custom:video-encoder-webm-vp8: eb34c28f22e8b96e1ab97ce403110664 -> 
  custom:audio-encoder-webm-vorbis: bf7c407c2cedff20999df2af8eb42d56 -> 
  custom:framework-win-MediaFoundation: 216162199b28c13a410421893ffa2e32 -> 
  custom:container-demuxer-ogg: 62fdf1f143b41e24485cea50d1cbac27 -> 
  custom:video-decoder-webm-vp8: 9c59270c3fd7afecdb556c50c9e8de78 -> 
  custom:audio-decoder-ogg-vorbis: bf7c407c2cedff20999df2af8eb42d56 -> 
========================================================================
Received Prepare
Registering precompiled user dll's ...
Registered in 0.008649 seconds.
Begin MonoManager ReloadAssembly
Native extension for WindowsStandalone target not found
Native extension for Android target not found
Native extension for WebGL target not found
Refreshing native plugins compatible for Editor in 1.37 ms, found 4 plugins.
Preloading 0 native plugins for Editor in 0.00 ms.
Mono: successfully reloaded assembly
- Completed reload, in  1.610 seconds
Domain Reload Profiling:
	ReloadAssembly (1611ms)
		BeginReloadAssembly (187ms)
			ExecutionOrderSort (0ms)
			DisableScriptedObjects (11ms)
			BackupInstance (0ms)
			ReleaseScriptingObjects (0ms)
			CreateAndSetChildDomain (46ms)
		EndReloadAssembly (1283ms)
			LoadAssemblies (123ms)
			RebuildTransferFunctionScriptingTraits (0ms)
			SetupTypeCache (304ms)
			ReleaseScriptCaches (2ms)
			RebuildScriptCaches (79ms)
			SetupLoadedEditorAssemblies (703ms)
				LogAssemblyErrors (0ms)
				InitializePlatformSupportModulesInManaged (35ms)
				SetLoadedEditorAssemblies (1ms)
				RefreshPlugins (1ms)
				BeforeProcessingInitializeOnLoad (123ms)
				ProcessInitializeOnLoadAttributes (324ms)
				ProcessInitializeOnLoadMethodAttributes (205ms)
				AfterProcessingInitializeOnLoad (13ms)
				EditorAssembliesLoaded (0ms)
			ExecutionOrderSort2 (0ms)
			AwakeInstancesAfterBackupRestoration (19ms)
Platform modules already initialized, skipping
Refreshing native plugins compatible for Editor in 9.23 ms, found 4 plugins.
Preloading 0 native plugins for Editor in 0.00 ms.
Unloading 2494 Unused Serialized files (Serialized files now loaded: 0)
Unloading 56 unused Assets / (25.6 KB). Loaded Objects now: 2950.
Memory consumption went from 101.5 MB to 101.5 MB.
Total: 8.538700 ms (FindLiveObjects: 0.226600 ms CreateObjectMapping: 0.125800 ms MarkObjects: 8.142800 ms  DeleteObjects: 0.042200 ms)

AssetImportParameters requested are different than current active one (requested -> active):
  custom:video-decoder-ogg-theora: a1e56fd34408186e4bbccfd4996cb3dc -> 
  custom:container-muxer-webm: aa71ff27fc2769a1b78a27578f13a17b -> 
  custom:container-demuxer-webm: 4f35f7cbe854078d1ac9338744f61a02 -> 
  custom:video-encoder-webm-vp8: eb34c28f22e8b96e1ab97ce403110664 -> 
  custom:audio-encoder-webm-vorbis: bf7c407c2cedff20999df2af8eb42d56 -> 
  custom:framework-win-MediaFoundation: 216162199b28c13a410421893ffa2e32 -> 
  custom:container-demuxer-ogg: 62fdf1f143b41e24485cea50d1cbac27 -> 
  custom:video-decoder-webm-vp8: 9c59270c3fd7afecdb556c50c9e8de78 -> 
  custom:audio-decoder-ogg-vorbis: bf7c407c2cedff20999df2af8eb42d56 -> 
========================================================================
Received Prepare
Registering precompiled user dll's ...
Registered in 0.010063 seconds.
Begin MonoManager ReloadAssembly
Native extension for WindowsStandalone target not found
Native extension for Android target not found
Native extension for WebGL target not found
Refreshing native plugins compatible for Editor in 1.33 ms, found 4 plugins.
Preloading 0 native plugins for Editor in 0.00 ms.
Mono: successfully reloaded assembly
- Completed reload, in  1.735 seconds
Domain Reload Profiling:
	ReloadAssembly (1736ms)
		BeginReloadAssembly (183ms)
			ExecutionOrderSort (0ms)
			DisableScriptedObjects (10ms)
			BackupInstance (0ms)
			ReleaseScriptingObjects (0ms)
			CreateAndSetChildDomain (53ms)
		EndReloadAssembly (1385ms)
			LoadAssemblies (115ms)
			RebuildTransferFunctionScriptingTraits (0ms)
			SetupTypeCache (342ms)
			ReleaseScriptCaches (2ms)
			RebuildScriptCaches (79ms)
			SetupLoadedEditorAssemblies (771ms)
				LogAssemblyErrors (0ms)
				InitializePlatformSupportModulesInManaged (41ms)
				SetLoadedEditorAssemblies (1ms)
				RefreshPlugins (1ms)
				BeforeProcessingInitializeOnLoad (131ms)
				ProcessInitializeOnLoadAttributes (359ms)
				ProcessInitializeOnLoadMethodAttributes (223ms)
				AfterProcessingInitializeOnLoad (13ms)
				EditorAssembliesLoaded (0ms)
			ExecutionOrderSort2 (0ms)
			AwakeInstancesAfterBackupRestoration (16ms)
Platform modules already initialized, skipping
Refreshing native plugins compatible for Editor in 7.74 ms, found 4 plugins.
Preloading 0 native plugins for Editor in 0.00 ms.
Unloading 2494 Unused Serialized files (Serialized files now loaded: 0)
Unloading 56 unused Assets / (25.7 KB). Loaded Objects now: 2953.
Memory consumption went from 101.5 MB to 101.5 MB.
Total: 7.007700 ms (FindLiveObjects: 0.198300 ms CreateObjectMapping: 0.105800 ms MarkObjects: 6.666100 ms  DeleteObjects: 0.036100 ms)

AssetImportParameters requested are different than current active one (requested -> active):
  custom:video-decoder-ogg-theora: a1e56fd34408186e4bbccfd4996cb3dc -> 
  custom:container-muxer-webm: aa71ff27fc2769a1b78a27578f13a17b -> 
  custom:container-demuxer-webm: 4f35f7cbe854078d1ac9338744f61a02 -> 
  custom:video-encoder-webm-vp8: eb34c28f22e8b96e1ab97ce403110664 -> 
  custom:audio-encoder-webm-vorbis: bf7c407c2cedff20999df2af8eb42d56 -> 
  custom:framework-win-MediaFoundation: 216162199b28c13a410421893ffa2e32 -> 
  custom:container-demuxer-ogg: 62fdf1f143b41e24485cea50d1cbac27 -> 
  custom:video-decoder-webm-vp8: 9c59270c3fd7afecdb556c50c9e8de78 -> 
  custom:audio-decoder-ogg-vorbis: bf7c407c2cedff20999df2af8eb42d56 -> 
========================================================================
Received Prepare
Registering precompiled user dll's ...
Registered in 0.007548 seconds.
Begin MonoManager ReloadAssembly
Native extension for WindowsStandalone target not found
Native extension for Android target not found
Native extension for WebGL target not found
Refreshing native plugins compatible for Editor in 1.29 ms, found 4 plugins.
Preloading 0 native plugins for Editor in 0.00 ms.
Mono: successfully reloaded assembly
- Completed reload, in  1.404 seconds
Domain Reload Profiling:
	ReloadAssembly (1404ms)
		BeginReloadAssembly (164ms)
			ExecutionOrderSort (0ms)
			DisableScriptedObjects (11ms)
			BackupInstance (0ms)
			ReleaseScriptingObjects (0ms)
			CreateAndSetChildDomain (42ms)
		EndReloadAssembly (1116ms)
			LoadAssemblies (98ms)
			RebuildTransferFunctionScriptingTraits (0ms)
			SetupTypeCache (263ms)
			ReleaseScriptCaches (2ms)
			RebuildScriptCaches (85ms)
			SetupLoadedEditorAssemblies (589ms)
				LogAssemblyErrors (0ms)
				InitializePlatformSupportModulesInManaged (29ms)
				SetLoadedEditorAssemblies (1ms)
				RefreshPlugins (1ms)
				BeforeProcessingInitializeOnLoad (99ms)
				ProcessInitializeOnLoadAttributes (262ms)
				ProcessInitializeOnLoadMethodAttributes (187ms)
				AfterProcessingInitializeOnLoad (10ms)
				EditorAssembliesLoaded (0ms)
			ExecutionOrderSort2 (0ms)
			AwakeInstancesAfterBackupRestoration (13ms)
Platform modules already initialized, skipping
Refreshing native plugins compatible for Editor in 7.18 ms, found 4 plugins.
Preloading 0 native plugins for Editor in 0.00 ms.
Unloading 2494 Unused Serialized files (Serialized files now loaded: 0)
Unloading 56 unused Assets / (25.7 KB). Loaded Objects now: 2956.
Memory consumption went from 101.5 MB to 101.5 MB.
Total: 6.681900 ms (FindLiveObjects: 0.207800 ms CreateObjectMapping: 0.136200 ms MarkObjects: 6.300300 ms  DeleteObjects: 0.035900 ms)

AssetImportParameters requested are different than current active one (requested -> active):
  custom:video-decoder-ogg-theora: a1e56fd34408186e4bbccfd4996cb3dc -> 
  custom:container-muxer-webm: aa71ff27fc2769a1b78a27578f13a17b -> 
  custom:container-demuxer-webm: 4f35f7cbe854078d1ac9338744f61a02 -> 
  custom:video-encoder-webm-vp8: eb34c28f22e8b96e1ab97ce403110664 -> 
  custom:audio-encoder-webm-vorbis: bf7c407c2cedff20999df2af8eb42d56 -> 
  custom:framework-win-MediaFoundation: 216162199b28c13a410421893ffa2e32 -> 
  custom:container-demuxer-ogg: 62fdf1f143b41e24485cea50d1cbac27 -> 
  custom:video-decoder-webm-vp8: 9c59270c3fd7afecdb556c50c9e8de78 -> 
  custom:audio-decoder-ogg-vorbis: bf7c407c2cedff20999df2af8eb42d56 -> 
========================================================================
Received Prepare
Registering precompiled user dll's ...
Registered in 0.009552 seconds.
Begin MonoManager ReloadAssembly
Native extension for WindowsStandalone target not found
Native extension for Android target not found
Native extension for WebGL target not found
Refreshing native plugins compatible for Editor in 1.33 ms, found 4 plugins.
Preloading 0 native plugins for Editor in 0.00 ms.
Mono: successfully reloaded assembly
- Completed reload, in  1.494 seconds
Domain Reload Profiling:
	ReloadAssembly (1495ms)
		BeginReloadAssembly (158ms)
			ExecutionOrderSort (0ms)
			DisableScriptedObjects (9ms)
			BackupInstance (0ms)
			ReleaseScriptingObjects (0ms)
			CreateAndSetChildDomain (44ms)
		EndReloadAssembly (1212ms)
			LoadAssemblies (101ms)
			RebuildTransferFunctionScriptingTraits (0ms)
			SetupTypeCache (295ms)
			ReleaseScriptCaches (2ms)
			RebuildScriptCaches (78ms)
			SetupLoadedEditorAssemblies (664ms)
				LogAssemblyErrors (0ms)
				InitializePlatformSupportModulesInManaged (37ms)
				SetLoadedEditorAssemblies (1ms)
				RefreshPlugins (1ms)
				BeforeProcessingInitializeOnLoad (119ms)
				ProcessInitializeOnLoadAttributes (288ms)
				ProcessInitializeOnLoadMethodAttributes (208ms)
				AfterProcessingInitializeOnLoad (10ms)
				EditorAssembliesLoaded (0ms)
			ExecutionOrderSort2 (0ms)
			AwakeInstancesAfterBackupRestoration (13ms)
Platform modules already initialized, skipping
Refreshing native plugins compatible for Editor in 7.53 ms, found 4 plugins.
Preloading 0 native plugins for Editor in 0.00 ms.
Unloading 2494 Unused Serialized files (Serialized files now loaded: 0)
Unloading 56 unused Assets / (25.7 KB). Loaded Objects now: 2959.
Memory consumption went from 101.4 MB to 101.4 MB.
Total: 6.833400 ms (FindLiveObjects: 0.201800 ms CreateObjectMapping: 0.116000 ms MarkObjects: 6.477000 ms  DeleteObjects: 0.037300 ms)

AssetImportParameters requested are different than current active one (requested -> active):
  custom:video-decoder-ogg-theora: a1e56fd34408186e4bbccfd4996cb3dc -> 
  custom:container-muxer-webm: aa71ff27fc2769a1b78a27578f13a17b -> 
  custom:container-demuxer-webm: 4f35f7cbe854078d1ac9338744f61a02 -> 
  custom:video-encoder-webm-vp8: eb34c28f22e8b96e1ab97ce403110664 -> 
  custom:audio-encoder-webm-vorbis: bf7c407c2cedff20999df2af8eb42d56 -> 
  custom:framework-win-MediaFoundation: 216162199b28c13a410421893ffa2e32 -> 
  custom:container-demuxer-ogg: 62fdf1f143b41e24485cea50d1cbac27 -> 
  custom:video-decoder-webm-vp8: 9c59270c3fd7afecdb556c50c9e8de78 -> 
  custom:audio-decoder-ogg-vorbis: bf7c407c2cedff20999df2af8eb42d56 -> 
========================================================================
Received Prepare
Registering precompiled user dll's ...
Registered in 0.008025 seconds.
Begin MonoManager ReloadAssembly
Native extension for WindowsStandalone target not found
Native extension for Android target not found
Native extension for WebGL target not found
Refreshing native plugins compatible for Editor in 1.32 ms, found 4 plugins.
Preloading 0 native plugins for Editor in 0.00 ms.
Mono: successfully reloaded assembly
- Completed reload, in  1.449 seconds
Domain Reload Profiling:
	ReloadAssembly (1450ms)
		BeginReloadAssembly (181ms)
			ExecutionOrderSort (0ms)
			DisableScriptedObjects (10ms)
			BackupInstance (0ms)
			ReleaseScriptingObjects (0ms)
			CreateAndSetChildDomain (48ms)
		EndReloadAssembly (1137ms)
			LoadAssemblies (118ms)
			RebuildTransferFunctionScriptingTraits (0ms)
			SetupTypeCache (274ms)
			ReleaseScriptCaches (3ms)
			RebuildScriptCaches (67ms)
			SetupLoadedEditorAssemblies (621ms)
				LogAssemblyErrors (0ms)
				InitializePlatformSupportModulesInManaged (31ms)
				SetLoadedEditorAssemblies (1ms)
				RefreshPlugins (1ms)
				BeforeProcessingInitializeOnLoad (109ms)
				ProcessInitializeOnLoadAttributes (291ms)
				ProcessInitializeOnLoadMethodAttributes (177ms)
				AfterProcessingInitializeOnLoad (11ms)
				EditorAssembliesLoaded (0ms)
			ExecutionOrderSort2 (0ms)
			AwakeInstancesAfterBackupRestoration (13ms)
Platform modules already initialized, skipping
Refreshing native plugins compatible for Editor in 8.72 ms, found 4 plugins.
Preloading 0 native plugins for Editor in 0.00 ms.
Unloading 2494 Unused Serialized files (Serialized files now loaded: 0)
Unloading 56 unused Assets / (25.7 KB). Loaded Objects now: 2962.
Memory consumption went from 101.5 MB to 101.5 MB.
Total: 11.143700 ms (FindLiveObjects: 0.212700 ms CreateObjectMapping: 0.110100 ms MarkObjects: 10.779800 ms  DeleteObjects: 0.040000 ms)

AssetImportParameters requested are different than current active one (requested -> active):
  custom:video-decoder-ogg-theora: a1e56fd34408186e4bbccfd4996cb3dc -> 
  custom:container-muxer-webm: aa71ff27fc2769a1b78a27578f13a17b -> 
  custom:container-demuxer-webm: 4f35f7cbe854078d1ac9338744f61a02 -> 
  custom:video-encoder-webm-vp8: eb34c28f22e8b96e1ab97ce403110664 -> 
  custom:audio-encoder-webm-vorbis: bf7c407c2cedff20999df2af8eb42d56 -> 
  custom:framework-win-MediaFoundation: 216162199b28c13a410421893ffa2e32 -> 
  custom:container-demuxer-ogg: 62fdf1f143b41e24485cea50d1cbac27 -> 
  custom:video-decoder-webm-vp8: 9c59270c3fd7afecdb556c50c9e8de78 -> 
  custom:audio-decoder-ogg-vorbis: bf7c407c2cedff20999df2af8eb42d56 -> 
========================================================================
Received Prepare
Registering precompiled user dll's ...
Registered in 0.009382 seconds.
Begin MonoManager ReloadAssembly
Native extension for WindowsStandalone target not found
Native extension for Android target not found
Native extension for WebGL target not found
Refreshing native plugins compatible for Editor in 1.64 ms, found 4 plugins.
Preloading 0 native plugins for Editor in 0.00 ms.
Mono: successfully reloaded assembly
- Completed reload, in  1.537 seconds
Domain Reload Profiling:
	ReloadAssembly (1538ms)
		BeginReloadAssembly (169ms)
			ExecutionOrderSort (0ms)
			DisableScriptedObjects (11ms)
			BackupInstance (0ms)
			ReleaseScriptingObjects (0ms)
			CreateAndSetChildDomain (41ms)
		EndReloadAssembly (1247ms)
			LoadAssemblies (114ms)
			RebuildTransferFunctionScriptingTraits (0ms)
			SetupTypeCache (269ms)
			ReleaseScriptCaches (2ms)
			RebuildScriptCaches (83ms)
			SetupLoadedEditorAssemblies (701ms)
				LogAssemblyErrors (0ms)
				InitializePlatformSupportModulesInManaged (33ms)
				SetLoadedEditorAssemblies (1ms)
				RefreshPlugins (2ms)
				BeforeProcessingInitializeOnLoad (128ms)
				ProcessInitializeOnLoadAttributes (311ms)
				ProcessInitializeOnLoadMethodAttributes (211ms)
				AfterProcessingInitializeOnLoad (15ms)
				EditorAssembliesLoaded (0ms)
			ExecutionOrderSort2 (0ms)
			AwakeInstancesAfterBackupRestoration (20ms)
Platform modules already initialized, skipping
Refreshing native plugins compatible for Editor in 7.80 ms, found 4 plugins.
Preloading 0 native plugins for Editor in 0.00 ms.
Unloading 2494 Unused Serialized files (Serialized files now loaded: 0)
Unloading 56 unused Assets / (25.7 KB). Loaded Objects now: 2965.
Memory consumption went from 101.5 MB to 101.5 MB.
Total: 8.539300 ms (FindLiveObjects: 0.203900 ms CreateObjectMapping: 0.108700 ms MarkObjects: 8.188000 ms  DeleteObjects: 0.037500 ms)

AssetImportParameters requested are different than current active one (requested -> active):
  custom:video-decoder-ogg-theora: a1e56fd34408186e4bbccfd4996cb3dc -> 
  custom:container-muxer-webm: aa71ff27fc2769a1b78a27578f13a17b -> 
  custom:container-demuxer-webm: 4f35f7cbe854078d1ac9338744f61a02 -> 
  custom:video-encoder-webm-vp8: eb34c28f22e8b96e1ab97ce403110664 -> 
  custom:audio-encoder-webm-vorbis: bf7c407c2cedff20999df2af8eb42d56 -> 
  custom:framework-win-MediaFoundation: 216162199b28c13a410421893ffa2e32 -> 
  custom:container-demuxer-ogg: 62fdf1f143b41e24485cea50d1cbac27 -> 
  custom:video-decoder-webm-vp8: 9c59270c3fd7afecdb556c50c9e8de78 -> 
  custom:audio-decoder-ogg-vorbis: bf7c407c2cedff20999df2af8eb42d56 -> 
========================================================================
Received Prepare
Registering precompiled user dll's ...
Registered in 0.009247 seconds.
Begin MonoManager ReloadAssembly
Native extension for WindowsStandalone target not found
Native extension for Android target not found
Native extension for WebGL target not found
Refreshing native plugins compatible for Editor in 1.28 ms, found 4 plugins.
Preloading 0 native plugins for Editor in 0.00 ms.
Mono: successfully reloaded assembly
- Completed reload, in  1.367 seconds
Domain Reload Profiling:
	ReloadAssembly (1368ms)
		BeginReloadAssembly (155ms)
			ExecutionOrderSort (0ms)
			DisableScriptedObjects (8ms)
			BackupInstance (0ms)
			ReleaseScriptingObjects (0ms)
			CreateAndSetChildDomain (43ms)
		EndReloadAssembly (1077ms)
			LoadAssemblies (94ms)
			RebuildTransferFunctionScriptingTraits (0ms)
			SetupTypeCache (246ms)
			ReleaseScriptCaches (1ms)
			RebuildScriptCaches (65ms)
			SetupLoadedEditorAssemblies (605ms)
				LogAssemblyErrors (0ms)
				InitializePlatformSupportModulesInManaged (29ms)
				SetLoadedEditorAssemblies (1ms)
				RefreshPlugins (1ms)
				BeforeProcessingInitializeOnLoad (99ms)
				ProcessInitializeOnLoadAttributes (285ms)
				ProcessInitializeOnLoadMethodAttributes (180ms)
				AfterProcessingInitializeOnLoad (10ms)
				EditorAssembliesLoaded (0ms)
			ExecutionOrderSort2 (0ms)
			AwakeInstancesAfterBackupRestoration (14ms)
Platform modules already initialized, skipping
Refreshing native plugins compatible for Editor in 6.94 ms, found 4 plugins.
Preloading 0 native plugins for Editor in 0.00 ms.
Unloading 2494 Unused Serialized files (Serialized files now loaded: 0)
Unloading 56 unused Assets / (25.6 KB). Loaded Objects now: 2968.
Memory consumption went from 101.6 MB to 101.5 MB.
Total: 7.254400 ms (FindLiveObjects: 0.245600 ms CreateObjectMapping: 0.196400 ms MarkObjects: 6.770700 ms  DeleteObjects: 0.040400 ms)

AssetImportParameters requested are different than current active one (requested -> active):
  custom:video-decoder-ogg-theora: a1e56fd34408186e4bbccfd4996cb3dc -> 
  custom:container-muxer-webm: aa71ff27fc2769a1b78a27578f13a17b -> 
  custom:container-demuxer-webm: 4f35f7cbe854078d1ac9338744f61a02 -> 
  custom:video-encoder-webm-vp8: eb34c28f22e8b96e1ab97ce403110664 -> 
  custom:audio-encoder-webm-vorbis: bf7c407c2cedff20999df2af8eb42d56 -> 
  custom:framework-win-MediaFoundation: 216162199b28c13a410421893ffa2e32 -> 
  custom:container-demuxer-ogg: 62fdf1f143b41e24485cea50d1cbac27 -> 
  custom:video-decoder-webm-vp8: 9c59270c3fd7afecdb556c50c9e8de78 -> 
  custom:audio-decoder-ogg-vorbis: bf7c407c2cedff20999df2af8eb42d56 -> 
========================================================================
Received Prepare
Registering precompiled user dll's ...
Registered in 0.011363 seconds.
Begin MonoManager ReloadAssembly
Native extension for WindowsStandalone target not found
Native extension for Android target not found
Native extension for WebGL target not found
Refreshing native plugins compatible for Editor in 1.31 ms, found 4 plugins.
Preloading 0 native plugins for Editor in 0.00 ms.
Mono: successfully reloaded assembly
- Completed reload, in  1.409 seconds
Domain Reload Profiling:
	ReloadAssembly (1410ms)
		BeginReloadAssembly (148ms)
			ExecutionOrderSort (0ms)
			DisableScriptedObjects (9ms)
			BackupInstance (0ms)
			ReleaseScriptingObjects (0ms)
			CreateAndSetChildDomain (40ms)
		EndReloadAssembly (1147ms)
			LoadAssemblies (91ms)
			RebuildTransferFunctionScriptingTraits (0ms)
			SetupTypeCache (246ms)
			ReleaseScriptCaches (2ms)
			RebuildScriptCaches (74ms)
			SetupLoadedEditorAssemblies (646ms)
				LogAssemblyErrors (0ms)
				InitializePlatformSupportModulesInManaged (33ms)
				SetLoadedEditorAssemblies (1ms)
				RefreshPlugins (1ms)
				BeforeProcessingInitializeOnLoad (105ms)
				ProcessInitializeOnLoadAttributes (294ms)
				ProcessInitializeOnLoadMethodAttributes (201ms)
				AfterProcessingInitializeOnLoad (10ms)
				EditorAssembliesLoaded (0ms)
			ExecutionOrderSort2 (0ms)
			AwakeInstancesAfterBackupRestoration (14ms)
Platform modules already initialized, skipping
Refreshing native plugins compatible for Editor in 7.54 ms, found 4 plugins.
Preloading 0 native plugins for Editor in 0.00 ms.
Unloading 2494 Unused Serialized files (Serialized files now loaded: 0)
Unloading 56 unused Assets / (25.6 KB). Loaded Objects now: 2971.
Memory consumption went from 101.6 MB to 101.5 MB.
Total: 8.728000 ms (FindLiveObjects: 0.189200 ms CreateObjectMapping: 0.094400 ms MarkObjects: 8.409100 ms  DeleteObjects: 0.034200 ms)

AssetImportParameters requested are different than current active one (requested -> active):
  custom:video-decoder-ogg-theora: a1e56fd34408186e4bbccfd4996cb3dc -> 
  custom:container-muxer-webm: aa71ff27fc2769a1b78a27578f13a17b -> 
  custom:container-demuxer-webm: 4f35f7cbe854078d1ac9338744f61a02 -> 
  custom:video-encoder-webm-vp8: eb34c28f22e8b96e1ab97ce403110664 -> 
  custom:audio-encoder-webm-vorbis: bf7c407c2cedff20999df2af8eb42d56 -> 
  custom:framework-win-MediaFoundation: 216162199b28c13a410421893ffa2e32 -> 
  custom:container-demuxer-ogg: 62fdf1f143b41e24485cea50d1cbac27 -> 
  custom:video-decoder-webm-vp8: 9c59270c3fd7afecdb556c50c9e8de78 -> 
  custom:audio-decoder-ogg-vorbis: bf7c407c2cedff20999df2af8eb42d56 -> 
========================================================================
Received Import Request.
  Time since last request: 842.927907 seconds.
  path: Assets/_Scenes/LVL_103.unity
  artifactKey: Guid(32e8776c8b2ff8d4ead0900d216ec0ec) Importer(815301076,1909f56bfc062723c751e8b465ee728b)
Start importing Assets/_Scenes/LVL_103.unity using Guid(32e8776c8b2ff8d4ead0900d216ec0ec) Importer(815301076,1909f56bfc062723c751e8b465ee728b)  -> (artifact id: 'ffed42a1a853ef90c4f9a7293a529bcd') in 0.013818 seconds 
========================================================================
Received Import Request.
  Time since last request: 1.154071 seconds.
  path: Assets/_Scenes/LVL_102.unity
  artifactKey: Guid(6af9046efef43724bb5301de0493e7c8) Importer(815301076,1909f56bfc062723c751e8b465ee728b)
Start importing Assets/_Scenes/LVL_102.unity using Guid(6af9046efef43724bb5301de0493e7c8) Importer(815301076,1909f56bfc062723c751e8b465ee728b)  -> (artifact id: '1beff7e560ff1e8b30bca44a1004aac1') in 0.007348 seconds 
========================================================================
Received Import Request.
  Time since last request: 32.800805 seconds.
  path: Assets/Managing/Attacker Spawning/_Levels/LVL_102/LVL_101.asset
  artifactKey: Guid(f5ac46c0425f4c5468c315da56914cde) Importer(815301076,1909f56bfc062723c751e8b465ee728b)
Start importing Assets/Managing/Attacker Spawning/_Levels/LVL_102/LVL_101.asset using Guid(f5ac46c0425f4c5468c315da56914cde) Importer(815301076,1909f56bfc062723c751e8b465ee728b)  -> (artifact id: '94dfe010362af3f773472cd20a00af32') in 0.046275 seconds 
========================================================================
Received Import Request.
  Time since last request: 2.516386 seconds.
  path: Assets/Managing/Attacker Spawning/_Levels/LVL_102/LVL_101.anim
  artifactKey: Guid(955b4737322a77a4e86154fe1d4c2672) Importer(815301076,1909f56bfc062723c751e8b465ee728b)
Start importing Assets/Managing/Attacker Spawning/_Levels/LVL_102/LVL_101.anim using Guid(955b4737322a77a4e86154fe1d4c2672) Importer(815301076,1909f56bfc062723c751e8b465ee728b)  -> (artifact id: '35d3b2a45bb41bcd41369ed2dd5bd70d') in 0.005554 seconds 
========================================================================
Received Import Request.
  Time since last request: 0.444250 seconds.
  path: Assets/Managing/Attacker Spawning/_Levels/LVL_102/LVL_101 AC.controller
  artifactKey: Guid(dcfc33ce24f5c89459eee6d88fa1b212) Importer(815301076,1909f56bfc062723c751e8b465ee728b)
Start importing Assets/Managing/Attacker Spawning/_Levels/LVL_102/LVL_101 AC.controller using Guid(dcfc33ce24f5c89459eee6d88fa1b212) Importer(815301076,1909f56bfc062723c751e8b465ee728b)  -> (artifact id: '3e4987d4bbb4f0be8dddc20caec0c76b') in 0.004988 seconds 
========================================================================
Received Import Request.
  Time since last request: 4.614506 seconds.
  path: Assets/Managing/Attacker Spawning/_Levels/LVL_102/LVL_102.asset
  artifactKey: Guid(f5ac46c0425f4c5468c315da56914cde) Importer(815301076,1909f56bfc062723c751e8b465ee728b)
Start importing Assets/Managing/Attacker Spawning/_Levels/LVL_102/LVL_102.asset using Guid(f5ac46c0425f4c5468c315da56914cde) Importer(815301076,1909f56bfc062723c751e8b465ee728b)  -> (artifact id: '80cf3e8d7b0a132b78d0d521221ec98a') in 0.015439 seconds 
========================================================================
Received Import Request.
  Time since last request: 4.672046 seconds.
  path: Assets/Managing/Attacker Spawning/_Levels/LVL_102/LVL_102.anim
  artifactKey: Guid(955b4737322a77a4e86154fe1d4c2672) Importer(815301076,1909f56bfc062723c751e8b465ee728b)
Start importing Assets/Managing/Attacker Spawning/_Levels/LVL_102/LVL_102.anim using Guid(955b4737322a77a4e86154fe1d4c2672) Importer(815301076,1909f56bfc062723c751e8b465ee728b)  -> (artifact id: '276aab43bb4080bc61569c19bab703e6') in 0.002462 seconds 
========================================================================
Received Import Request.
  Time since last request: 4.063669 seconds.
  path: Assets/Managing/Attacker Spawning/_Levels/LVL_102/LVL_102 AC.controller
  artifactKey: Guid(dcfc33ce24f5c89459eee6d88fa1b212) Importer(815301076,1909f56bfc062723c751e8b465ee728b)
Start importing Assets/Managing/Attacker Spawning/_Levels/LVL_102/LVL_102 AC.controller using Guid(dcfc33ce24f5c89459eee6d88fa1b212) Importer(815301076,1909f56bfc062723c751e8b465ee728b)  -> (artifact id: 'ac6b0949737e0c91d8c18ae689e0b3f5') in 0.006764 seconds 
========================================================================
Received Import Request.
  Time since last request: 9.948936 seconds.
  path: Assets/Managing/Attacker Spawning/_Levels/LVL_102/LVL_102.asset
  artifactKey: Guid(f5ac46c0425f4c5468c315da56914cde) Importer(815301076,1909f56bfc062723c751e8b465ee728b)
Start importing Assets/Managing/Attacker Spawning/_Levels/LVL_102/LVL_102.asset using Guid(f5ac46c0425f4c5468c315da56914cde) Importer(815301076,1909f56bfc062723c751e8b465ee728b)  -> (artifact id: '5ebc3cce2d8be211b98380434840bdc5') in 0.008886 seconds 
========================================================================
Received Import Request.
  Time since last request: 0.935764 seconds.
  path: Assets/Managing/Attacker Spawning/_Levels/LVL_103/LVL_101.asset
  artifactKey: Guid(b165edf5f2736de49a993ce0fcd95ba9) Importer(815301076,1909f56bfc062723c751e8b465ee728b)
Start importing Assets/Managing/Attacker Spawning/_Levels/LVL_103/LVL_101.asset using Guid(b165edf5f2736de49a993ce0fcd95ba9) Importer(815301076,1909f56bfc062723c751e8b465ee728b)  -> (artifact id: '31542130309838036a7a724ca310737b') in 0.007487 seconds 
========================================================================
Received Import Request.
  Time since last request: 4.944115 seconds.
  path: Assets/Managing/Attacker Spawning/_Levels/LVL_103/LVL_103.asset
  artifactKey: Guid(b165edf5f2736de49a993ce0fcd95ba9) Importer(815301076,1909f56bfc062723c751e8b465ee728b)
Start importing Assets/Managing/Attacker Spawning/_Levels/LVL_103/LVL_103.asset using Guid(b165edf5f2736de49a993ce0fcd95ba9) Importer(815301076,1909f56bfc062723c751e8b465ee728b)  -> (artifact id: '44a8b748a0a5d776be1b8952d0a64a2f') in 0.011763 seconds 
========================================================================
Received Import Request.
  Time since last request: 0.997128 seconds.
  path: Assets/Managing/Attacker Spawning/_Levels/LVL_103/LVL_101.anim
  artifactKey: Guid(91096d201dd399d4b8896f788eefabbe) Importer(815301076,1909f56bfc062723c751e8b465ee728b)
Start importing Assets/Managing/Attacker Spawning/_Levels/LVL_103/LVL_101.anim using Guid(91096d201dd399d4b8896f788eefabbe) Importer(815301076,1909f56bfc062723c751e8b465ee728b)  -> (artifact id: '695652edf8b9e6963fd09cc3b2fdcf50') in 0.002761 seconds 
========================================================================
Received Import Request.
  Time since last request: 3.283321 seconds.
  path: Assets/Managing/Attacker Spawning/_Levels/LVL_103/LVL_103.anim
  artifactKey: Guid(91096d201dd399d4b8896f788eefabbe) Importer(815301076,1909f56bfc062723c751e8b465ee728b)
Start importing Assets/Managing/Attacker Spawning/_Levels/LVL_103/LVL_103.anim using Guid(91096d201dd399d4b8896f788eefabbe) Importer(815301076,1909f56bfc062723c751e8b465ee728b)  -> (artifact id: '265c63c9c5e19b9f7b4a3811c035b62b') in 0.002375 seconds 
========================================================================
Received Import Request.
  Time since last request: 0.482642 seconds.
  path: Assets/Managing/Attacker Spawning/_Levels/LVL_103/LVL_101 AC.controller
  artifactKey: Guid(52afc00e08d15cc499dd0786c9595b1d) Importer(815301076,1909f56bfc062723c751e8b465ee728b)
Start importing Assets/Managing/Attacker Spawning/_Levels/LVL_103/LVL_101 AC.controller using Guid(52afc00e08d15cc499dd0786c9595b1d) Importer(815301076,1909f56bfc062723c751e8b465ee728b)  -> (artifact id: '67f5cf286f5da0541b7e96fcf2aee877') in 0.002547 seconds 
========================================================================
Received Import Request.
  Time since last request: 2.462893 seconds.
  path: Assets/Managing/Attacker Spawning/_Levels/LVL_103/LVL_103 AC.controller
  artifactKey: Guid(52afc00e08d15cc499dd0786c9595b1d) Importer(815301076,1909f56bfc062723c751e8b465ee728b)
Start importing Assets/Managing/Attacker Spawning/_Levels/LVL_103/LVL_103 AC.controller using Guid(52afc00e08d15cc499dd0786c9595b1d) Importer(815301076,1909f56bfc062723c751e8b465ee728b)  -> (artifact id: '3b2c1b5127a868a2fc4957d832220298') in 0.006421 seconds 
========================================================================
Received Import Request.
  Time since last request: 9.473761 seconds.
  path: Assets/Managing/Attacker Spawning/_Levels/LVL_103/LVL_103.asset
  artifactKey: Guid(b165edf5f2736de49a993ce0fcd95ba9) Importer(815301076,1909f56bfc062723c751e8b465ee728b)
Start importing Assets/Managing/Attacker Spawning/_Levels/LVL_103/LVL_103.asset using Guid(b165edf5f2736de49a993ce0fcd95ba9) Importer(815301076,1909f56bfc062723c751e8b465ee728b)  -> (artifact id: '348e28e9dd703ad476c22b4cd4fc2963') in 0.017621 seconds 
========================================================================
Received Import Request.
  Time since last request: 2.261821 seconds.
  path: Assets/Managing/Attacker Spawning/_Levels/LVL_201/LVL_101.asset
  artifactKey: Guid(c8d3d832b7840a14a8862175de3805ee) Importer(815301076,1909f56bfc062723c751e8b465ee728b)
Start importing Assets/Managing/Attacker Spawning/_Levels/LVL_201/LVL_101.asset using Guid(c8d3d832b7840a14a8862175de3805ee) Importer(815301076,1909f56bfc062723c751e8b465ee728b)  -> (artifact id: '5ad6440ce857fc4f2899b6ac33eb53e6') in 0.007765 seconds 
========================================================================
Received Import Request.
  Time since last request: 6.696204 seconds.
  path: Assets/Managing/Attacker Spawning/_Levels/LVL_201/LVL_201.asset
  artifactKey: Guid(c8d3d832b7840a14a8862175de3805ee) Importer(815301076,1909f56bfc062723c751e8b465ee728b)
Start importing Assets/Managing/Attacker Spawning/_Levels/LVL_201/LVL_201.asset using Guid(c8d3d832b7840a14a8862175de3805ee) Importer(815301076,1909f56bfc062723c751e8b465ee728b)  -> (artifact id: '813e9b1c79c7d62966b7d770a8fb788d') in 0.012453 seconds 
========================================================================
Received Import Request.
  Time since last request: 1.043229 seconds.
  path: Assets/Managing/Attacker Spawning/_Levels/LVL_201/LVL_101.anim
  artifactKey: Guid(5dd737b92ecdf39408bc5ae494dd0908) Importer(815301076,1909f56bfc062723c751e8b465ee728b)
Start importing Assets/Managing/Attacker Spawning/_Levels/LVL_201/LVL_101.anim using Guid(5dd737b92ecdf39408bc5ae494dd0908) Importer(815301076,1909f56bfc062723c751e8b465ee728b)  -> (artifact id: '44bd8c062d2da3a00d4933dae5b82600') in 0.002572 seconds 
========================================================================
Received Import Request.
  Time since last request: 3.608713 seconds.
  path: Assets/Managing/Attacker Spawning/_Levels/LVL_201/LVL_201.anim
  artifactKey: Guid(5dd737b92ecdf39408bc5ae494dd0908) Importer(815301076,1909f56bfc062723c751e8b465ee728b)
Start importing Assets/Managing/Attacker Spawning/_Levels/LVL_201/LVL_201.anim using Guid(5dd737b92ecdf39408bc5ae494dd0908) Importer(815301076,1909f56bfc062723c751e8b465ee728b)  -> (artifact id: '1460a2e0fca3c9a4e1e19ca0a73874d0') in 0.002582 seconds 
========================================================================
Received Import Request.
  Time since last request: 0.961789 seconds.
  path: Assets/Managing/Attacker Spawning/_Levels/LVL_201/LVL_101 AC.controller
  artifactKey: Guid(a1377b06d5227c24ebb14879931a1903) Importer(815301076,1909f56bfc062723c751e8b465ee728b)
Start importing Assets/Managing/Attacker Spawning/_Levels/LVL_201/LVL_101 AC.controller using Guid(a1377b06d5227c24ebb14879931a1903) Importer(815301076,1909f56bfc062723c751e8b465ee728b)  -> (artifact id: 'ea80fdfd0619b3db58c16ae22f14cdf8') in 0.003154 seconds 
========================================================================
Received Import Request.
  Time since last request: 2.429923 seconds.
  path: Assets/Managing/Attacker Spawning/_Levels/LVL_201/LVL_201 AC.controller
  artifactKey: Guid(a1377b06d5227c24ebb14879931a1903) Importer(815301076,1909f56bfc062723c751e8b465ee728b)
Start importing Assets/Managing/Attacker Spawning/_Levels/LVL_201/LVL_201 AC.controller using Guid(a1377b06d5227c24ebb14879931a1903) Importer(815301076,1909f56bfc062723c751e8b465ee728b)  -> (artifact id: 'b0208060e8b3f3c6b9d16a351a57cf1b') in 0.007529 seconds 
========================================================================
Received Import Request.
  Time since last request: 11.154630 seconds.
  path: Assets/Managing/Attacker Spawning/_Levels/LVL_201/LVL_201.asset
  artifactKey: Guid(c8d3d832b7840a14a8862175de3805ee) Importer(815301076,1909f56bfc062723c751e8b465ee728b)
Start importing Assets/Managing/Attacker Spawning/_Levels/LVL_201/LVL_201.asset using Guid(c8d3d832b7840a14a8862175de3805ee) Importer(815301076,1909f56bfc062723c751e8b465ee728b)  -> (artifact id: 'bee38e775ebef7259aed48c27eb84f2f') in 0.008010 seconds 
========================================================================
Received Import Request.
  Time since last request: 1.325735 seconds.
  path: Assets/Managing/Attacker Spawning/_Levels/LVL_103/LVL_103 AC.controller
  artifactKey: Guid(52afc00e08d15cc499dd0786c9595b1d) Importer(815301076,1909f56bfc062723c751e8b465ee728b)
Start importing Assets/Managing/Attacker Spawning/_Levels/LVL_103/LVL_103 AC.controller using Guid(52afc00e08d15cc499dd0786c9595b1d) Importer(815301076,1909f56bfc062723c751e8b465ee728b)  -> (artifact id: 'fc025093f9e40fd4fae608b6c1cd7254') in 0.002854 seconds 
========================================================================
Received Import Request.
  Time since last request: 4.346494 seconds.
  path: Assets/Managing/Attacker Spawning/_Levels/LVL_102/LVL_102 AC.controller
  artifactKey: Guid(dcfc33ce24f5c89459eee6d88fa1b212) Importer(815301076,1909f56bfc062723c751e8b465ee728b)
Start importing Assets/Managing/Attacker Spawning/_Levels/LVL_102/LVL_102 AC.controller using Guid(dcfc33ce24f5c89459eee6d88fa1b212) Importer(815301076,1909f56bfc062723c751e8b465ee728b)  -> (artifact id: '84cf114db9eb9debb0ebea4487a93861') in 0.002595 seconds 
========================================================================
Received Import Request.
  Time since last request: 6.076950 seconds.
  path: Assets/Managing/Attacker Spawning/_Levels/LVL_101/LVL_101.anim
  artifactKey: Guid(19a8a9dd16824a84480e589488253595) Importer(815301076,1909f56bfc062723c751e8b465ee728b)
Start importing Assets/Managing/Attacker Spawning/_Levels/LVL_101/LVL_101.anim using Guid(19a8a9dd16824a84480e589488253595) Importer(815301076,1909f56bfc062723c751e8b465ee728b)  -> (artifact id: 'da8a41ada40b1ae3515430059915e98b') in 0.002938 seconds 
========================================================================
Received Import Request.
  Time since last request: 33.208098 seconds.
  path: Assets/_Scenes/LVL_101.unity
  artifactKey: Guid(9b266a7d89a91124897a8d7b2d7d4565) Importer(815301076,1909f56bfc062723c751e8b465ee728b)
Start importing Assets/_Scenes/LVL_101.unity using Guid(9b266a7d89a91124897a8d7b2d7d4565) Importer(815301076,1909f56bfc062723c751e8b465ee728b)  -> (artifact id: 'efc46fe5b17b37e646faeabd22657f0c') in 0.005898 seconds 
========================================================================
Received Import Request.
  Time since last request: 3.612017 seconds.
  path: Assets/_Scenes/LVL_102.unity
  artifactKey: Guid(6af9046efef43724bb5301de0493e7c8) Importer(815301076,1909f56bfc062723c751e8b465ee728b)
Start importing Assets/_Scenes/LVL_102.unity using Guid(6af9046efef43724bb5301de0493e7c8) Importer(815301076,1909f56bfc062723c751e8b465ee728b)  -> (artifact id: 'cd819f7f6a956f9a7381dce2dc42ae00') in 0.005806 seconds 
========================================================================
Received Import Request.
  Time since last request: 8.798123 seconds.
  path: Assets/_Scenes/LVL_201.unity
  artifactKey: Guid(babb23a604b61f940bcc441b868a2e5c) Importer(815301076,1909f56bfc062723c751e8b465ee728b)
Start importing Assets/_Scenes/LVL_201.unity using Guid(babb23a604b61f940bcc441b868a2e5c) Importer(815301076,1909f56bfc062723c751e8b465ee728b)  -> (artifact id: 'b3fae4e902d6530d4de2f5ade7cc05a4') in 0.006879 seconds 
========================================================================
Received Import Request.
  Time since last request: 9.686627 seconds.
  path: Assets/_Scenes/LVL_103.unity
  artifactKey: Guid(32e8776c8b2ff8d4ead0900d216ec0ec) Importer(815301076,1909f56bfc062723c751e8b465ee728b)
Start importing Assets/_Scenes/LVL_103.unity using Guid(32e8776c8b2ff8d4ead0900d216ec0ec) Importer(815301076,1909f56bfc062723c751e8b465ee728b)  -> (artifact id: 'c99ca3ca4dbfc90680a1f705039025e7') in 0.001838 seconds 
========================================================================
Received Import Request.
  Time since last request: 5.720520 seconds.
  path: Assets/_Scenes/LVL_201.unity
  artifactKey: Guid(babb23a604b61f940bcc441b868a2e5c) Importer(815301076,1909f56bfc062723c751e8b465ee728b)
Start importing Assets/_Scenes/LVL_201.unity using Guid(babb23a604b61f940bcc441b868a2e5c) Importer(815301076,1909f56bfc062723c751e8b465ee728b)  -> (artifact id: '00a2b162aa8bd3b0d01261c143e6e303') in 0.001822 seconds 
========================================================================
Received Prepare
Registering precompiled user dll's ...
Registered in 0.010731 seconds.
Begin MonoManager ReloadAssembly
Native extension for WindowsStandalone target not found
Native extension for Android target not found
Native extension for WebGL target not found
Refreshing native plugins compatible for Editor in 1.72 ms, found 4 plugins.
Preloading 0 native plugins for Editor in 0.00 ms.
Mono: successfully reloaded assembly
- Completed reload, in  2.116 seconds
Domain Reload Profiling:
	ReloadAssembly (2117ms)
		BeginReloadAssembly (245ms)
			ExecutionOrderSort (0ms)
			DisableScriptedObjects (18ms)
			BackupInstance (0ms)
			ReleaseScriptingObjects (0ms)
			CreateAndSetChildDomain (65ms)
		EndReloadAssembly (1679ms)
			LoadAssemblies (161ms)
			RebuildTransferFunctionScriptingTraits (0ms)
			SetupTypeCache (389ms)
			ReleaseScriptCaches (2ms)
			RebuildScriptCaches (94ms)
			SetupLoadedEditorAssemblies (940ms)
				LogAssemblyErrors (0ms)
				InitializePlatformSupportModulesInManaged (47ms)
				SetLoadedEditorAssemblies (1ms)
				RefreshPlugins (2ms)
				BeforeProcessingInitializeOnLoad (168ms)
				ProcessInitializeOnLoadAttributes (375ms)
				ProcessInitializeOnLoadMethodAttributes (330ms)
				AfterProcessingInitializeOnLoad (17ms)
				EditorAssembliesLoaded (0ms)
			ExecutionOrderSort2 (0ms)
			AwakeInstancesAfterBackupRestoration (22ms)
Platform modules already initialized, skipping
Refreshing native plugins compatible for Editor in 10.52 ms, found 4 plugins.
Preloading 0 native plugins for Editor in 0.00 ms.
Unloading 2494 Unused Serialized files (Serialized files now loaded: 0)
Unloading 58 unused Assets / (26.6 KB). Loaded Objects now: 2974.
Memory consumption went from 101.5 MB to 101.5 MB.
Total: 14.935700 ms (FindLiveObjects: 0.253200 ms CreateObjectMapping: 0.147500 ms MarkObjects: 14.423200 ms  DeleteObjects: 0.110400 ms)

AssetImportParameters requested are different than current active one (requested -> active):
  custom:video-decoder-ogg-theora: a1e56fd34408186e4bbccfd4996cb3dc -> 
  custom:container-muxer-webm: aa71ff27fc2769a1b78a27578f13a17b -> 
  custom:container-demuxer-webm: 4f35f7cbe854078d1ac9338744f61a02 -> 
  custom:video-encoder-webm-vp8: eb34c28f22e8b96e1ab97ce403110664 -> 
  custom:audio-encoder-webm-vorbis: bf7c407c2cedff20999df2af8eb42d56 -> 
  custom:framework-win-MediaFoundation: 216162199b28c13a410421893ffa2e32 -> 
  custom:container-demuxer-ogg: 62fdf1f143b41e24485cea50d1cbac27 -> 
  custom:video-decoder-webm-vp8: 9c59270c3fd7afecdb556c50c9e8de78 -> 
  custom:audio-decoder-ogg-vorbis: bf7c407c2cedff20999df2af8eb42d56 -> 
